Using pre-set license
Built from '2020.3/support/zd130524' branch; Version is '2020.3.36f1 (71f96b79b9f0) revision 7469419'; Using compiler version '192528614'; Build Type 'Release'
OS: 'Windows 11  (10.0.22621) 64bit Core' Language: 'en' Physical Memory: 16015 MB
BatchMode: 1, IsHumanControllingUs: 0, StartBugReporterOnCrash: 0, Is64bit: 1, IsPro: 0

COMMAND LINE ARGUMENTS:
C:\Program Files\Unity 2020.3.36f1\Editor\Unity.exe
-adb2
-batchMode
-noUpm
-name
AssetImportWorker0
-projectPath
D:/Azure-Kinect-Sample-for-Unity/SampleProject
-logFile
Logs/AssetImportWorker0.log
-srvPort
61614
Successfully changed project path to: D:/Azure-Kinect-Sample-for-Unity/SampleProject
D:/Azure-Kinect-Sample-for-Unity/SampleProject
Using Asset Import Pipeline V2.
Refreshing native plugins compatible for Editor in 96.30 ms, found 16 plugins.
Preloading 0 native plugins for Editor in 0.00 ms.
Initialize engine version: 2020.3.36f1 (71f96b79b9f0)
[Subsystems] Discovering subsystems at path C:/Program Files/Unity 2020.3.36f1/Editor/Data/Resources/UnitySubsystems
[Subsystems] Discovering subsystems at path D:/Azure-Kinect-Sample-for-Unity/SampleProject/Assets
GfxDevice: creating device client; threaded=0
Direct3D:
    Version:  Direct3D 11.0 [level 11.1]
    Renderer: NVIDIA GeForce MX330 (ID=0x1d16)
    Vendor:   
    VRAM:     1983 MB
    Driver:   30.0.14.9613
Initialize mono
Mono path[0] = 'C:/Program Files/Unity 2020.3.36f1/Editor/Data/Managed'
Mono path[1] = 'C:/Program Files/Unity 2020.3.36f1/Editor/Data/MonoBleedingEdge/lib/mono/unityjit'
Mono config path = 'C:/Program Files/Unity 2020.3.36f1/Editor/Data/MonoBleedingEdge/etc'
Using monoOptions --debugger-agent=transport=dt_socket,embedding=1,server=y,suspend=n,address=127.0.0.1:56040
Begin MonoManager ReloadAssembly
Registering precompiled unity dll's ...
Register platform support module: C:/Program Files/Unity 2020.3.36f1/Editor/Data/PlaybackEngines/WindowsStandaloneSupport/UnityEditor.WindowsStandalone.Extensions.dll
Registered in 0.001061 seconds.
Native extension for WindowsStandalone target not found
Refreshing native plugins compatible for Editor in 84.66 ms, found 16 plugins.
Preloading 0 native plugins for Editor in 0.00 ms.
Mono: successfully reloaded assembly
- Completed reload, in  0.598 seconds
Domain Reload Profiling:
	ReloadAssembly (599ms)
		BeginReloadAssembly (55ms)
			ExecutionOrderSort (0ms)
			DisableScriptedObjects (0ms)
			BackupInstance (0ms)
			ReleaseScriptingObjects (0ms)
			CreateAndSetChildDomain (1ms)
		EndReloadAssembly (473ms)
			LoadAssemblies (53ms)
			RebuildTransferFunctionScriptingTraits (0ms)
			SetupTypeCache (132ms)
			ReleaseScriptCaches (0ms)
			RebuildScriptCaches (32ms)
			SetupLoadedEditorAssemblies (212ms)
				LogAssemblyErrors (0ms)
				InitializePlatformSupportModulesInManaged (4ms)
				SetLoadedEditorAssemblies (0ms)
				RefreshPlugins (85ms)
				BeforeProcessingInitializeOnLoad (15ms)
				ProcessInitializeOnLoadAttributes (82ms)
				ProcessInitializeOnLoadMethodAttributes (26ms)
				AfterProcessingInitializeOnLoad (0ms)
				EditorAssembliesLoaded (0ms)
			ExecutionOrderSort2 (0ms)
			AwakeInstancesAfterBackupRestoration (0ms)
Platform modules already initialized, skipping
Registering precompiled user dll's ...
Registered in 0.007215 seconds.
Begin MonoManager ReloadAssembly
Native extension for WindowsStandalone target not found
Refreshing native plugins compatible for Editor in 88.30 ms, found 16 plugins.
Preloading 0 native plugins for Editor in 0.00 ms.
[XR] [MROpenXR][Info   ][21:12:44.307955][tid:7444] MeshProvider_RegisterLifecycleProvider
[XR] [MROpenXR][Info   ][21:12:44.308016][tid:7444] InputProvider_RegisterLifecycleProvider
[XR] Error loading subsystem: Display (1) (header mismatch?)
[XR] [MROpenXR][Info   ][21:12:44.309924][tid:7444] OnPluginStarted UnityVersion=2020.3.36f1 OpenXRPluginVersion=1.5.3 MROpenXRPluginVersion=1.6.0.0 PartA_PrivTags=33554432
Mono: successfully reloaded assembly
- Completed reload, in  2.539 seconds
Domain Reload Profiling:
	ReloadAssembly (2540ms)
		BeginReloadAssembly (130ms)
			ExecutionOrderSort (0ms)
			DisableScriptedObjects (5ms)
			BackupInstance (0ms)
			ReleaseScriptingObjects (0ms)
			CreateAndSetChildDomain (19ms)
		EndReloadAssembly (2353ms)
			LoadAssemblies (107ms)
			RebuildTransferFunctionScriptingTraits (0ms)
			SetupTypeCache (331ms)
			ReleaseScriptCaches (1ms)
			RebuildScriptCaches (81ms)
			SetupLoadedEditorAssemblies (1718ms)
				LogAssemblyErrors (0ms)
				InitializePlatformSupportModulesInManaged (3ms)
				SetLoadedEditorAssemblies (0ms)
				RefreshPlugins (88ms)
				BeforeProcessingInitializeOnLoad (151ms)
				ProcessInitializeOnLoadAttributes (1368ms)
				ProcessInitializeOnLoadMethodAttributes (106ms)
				AfterProcessingInitializeOnLoad (3ms)
				EditorAssembliesLoaded (0ms)
			ExecutionOrderSort2 (0ms)
			AwakeInstancesAfterBackupRestoration (1ms)
Platform modules already initialized, skipping
========================================================================
Worker process is ready to serve import requests
Launched and connected shader compiler UnityShaderCompiler.exe after 0.22 seconds
Refreshing native plugins compatible for Editor in 1.33 ms, found 16 plugins.
Preloading 0 native plugins for Editor in 0.00 ms.
Unloading 4608 Unused Serialized files (Serialized files now loaded: 0)
System memory in use before: 169.2 MB.
System memory in use after: 169.4 MB.

Unloading 96 unused Assets to reduce memory usage. Loaded Objects now: 5014.
Total: 5.822600 ms (FindLiveObjects: 0.296300 ms CreateObjectMapping: 0.134600 ms MarkObjects: 5.286300 ms  DeleteObjects: 0.104500 ms)

AssetImportParameters requested are different than current active one (requested -> active):
  custom:framework-win-MediaFoundation: 216162199b28c13a410421893ffa2e32 -> 
  custom:video-decoder-ogg-theora: a1e56fd34408186e4bbccfd4996cb3dc -> 
  custom:container-muxer-webm: aa71ff27fc2769a1b78a27578f13a17b -> 
  custom:container-demuxer-webm: 4f35f7cbe854078d1ac9338744f61a02 -> 
  custom:container-demuxer-ogg: 62fdf1f143b41e24485cea50d1cbac27 -> 
  custom:video-encoder-webm-vp8: eb34c28f22e8b96e1ab97ce403110664 -> 
  custom:video-decoder-webm-vp8: 9c59270c3fd7afecdb556c50c9e8de78 -> 
  custom:audio-decoder-ogg-vorbis: bf7c407c2cedff20999df2af8eb42d56 -> 
  custom:audio-encoder-webm-vorbis: bf7c407c2cedff20999df2af8eb42d56 -> 
========================================================================
Received Import Request.
  path: Assets/MixedRealityToolkit.Generated/CustomProfiles/ISAR_MixedRealityExperienceSettingsProfile.asset
  artifactKey: Guid(215b7482ef93ea347a19072825733ed6) Importer(815301076,1909f56bfc062723c751e8b465ee728b)
Start importing Assets/MixedRealityToolkit.Generated/CustomProfiles/ISAR_MixedRealityExperienceSettingsProfile.asset using Guid(215b7482ef93ea347a19072825733ed6) Importer(815301076,1909f56bfc062723c751e8b465ee728b)  -> (artifact id: 'fc1f2e9e679d7546fb6d6e6b1a200af8') in 0.032472 seconds 
========================================================================
Received Import Request.
  Time since last request: 11.277962 seconds.
  path: Assets/MixedRealityToolkit.Generated/CustomProfiles/ISAR_MixedRealityBoundaryVisualizationProfile.asset
  artifactKey: Guid(38a974cd6e71d694393638087ed13fda) Importer(815301076,1909f56bfc062723c751e8b465ee728b)
Start importing Assets/MixedRealityToolkit.Generated/CustomProfiles/ISAR_MixedRealityBoundaryVisualizationProfile.asset using Guid(38a974cd6e71d694393638087ed13fda) Importer(815301076,1909f56bfc062723c751e8b465ee728b)  -> (artifact id: '9e453633fd3ff66ec4648fec2ea252ca') in 0.007840 seconds 
========================================================================
Received Import Request.
  Time since last request: 25.108025 seconds.
  path: Assets/MixedRealityToolkit.Generated/CustomProfiles/ISAR_MixedRealityPointerProfile.asset
  artifactKey: Guid(0b22000b98bcd5840a897beb44210dac) Importer(815301076,1909f56bfc062723c751e8b465ee728b)
Start importing Assets/MixedRealityToolkit.Generated/CustomProfiles/ISAR_MixedRealityPointerProfile.asset using Guid(0b22000b98bcd5840a897beb44210dac) Importer(815301076,1909f56bfc062723c751e8b465ee728b)  -> (artifact id: 'd69764d651b14883c1afbd84e9adb9eb') in 0.054093 seconds 
========================================================================
Received Import Request.
  Time since last request: 14.268869 seconds.
  path: Assets/MixedRealityToolkit.Generated/CustomProfiles/ISAR_MixedRealityInputActionRulesProfile.asset
  artifactKey: Guid(0637f1d3a276400429ad010568d93b56) Importer(815301076,1909f56bfc062723c751e8b465ee728b)
Start importing Assets/MixedRealityToolkit.Generated/CustomProfiles/ISAR_MixedRealityInputActionRulesProfile.asset using Guid(0637f1d3a276400429ad010568d93b56) Importer(815301076,1909f56bfc062723c751e8b465ee728b)  -> (artifact id: '47d0057376d5a11aa9dd1262f30e35dc') in 0.010914 seconds 
========================================================================
Received Import Request.
  Time since last request: 15.732001 seconds.
  path: Assets/MixedRealityToolkit.Generated/CustomProfiles/ISAR_MixedRealityInputActionsProfile.asset
  artifactKey: Guid(7333e3a4657ed484d8ba36feec1c0fbb) Importer(815301076,1909f56bfc062723c751e8b465ee728b)
Start importing Assets/MixedRealityToolkit.Generated/CustomProfiles/ISAR_MixedRealityInputActionsProfile.asset using Guid(7333e3a4657ed484d8ba36feec1c0fbb) Importer(815301076,1909f56bfc062723c751e8b465ee728b)  -> (artifact id: 'd5c395267995b47b923ab745c3173813') in 0.008648 seconds 
========================================================================
Received Import Request.
  Time since last request: 14.728502 seconds.
  path: Assets/MixedRealityToolkit.Generated/CustomProfiles/ISAR_MixedRealityInputActionRulesProfile 1.asset
  artifactKey: Guid(cdd882f8520bc1144809aa39f1124136) Importer(815301076,1909f56bfc062723c751e8b465ee728b)
Start importing Assets/MixedRealityToolkit.Generated/CustomProfiles/ISAR_MixedRealityInputActionRulesProfile 1.asset using Guid(cdd882f8520bc1144809aa39f1124136) Importer(815301076,1909f56bfc062723c751e8b465ee728b)  -> (artifact id: 'b664c795bfd5ac8268c52fb3d943d866') in 0.007902 seconds 
========================================================================
Received Import Request.
  Time since last request: 17.592329 seconds.
  path: Assets/MixedRealityToolkit.Generated/CustomProfiles/ISAR_MixedRealityGesturesProfile.asset
  artifactKey: Guid(3114d4ef8e2327c4b92d1949710c78a6) Importer(815301076,1909f56bfc062723c751e8b465ee728b)
Start importing Assets/MixedRealityToolkit.Generated/CustomProfiles/ISAR_MixedRealityGesturesProfile.asset using Guid(3114d4ef8e2327c4b92d1949710c78a6) Importer(815301076,1909f56bfc062723c751e8b465ee728b)  -> (artifact id: 'a92d20569455d18be686a6eb5f410ec2') in 0.007125 seconds 
========================================================================
Received Import Request.
  Time since last request: 13.968113 seconds.
  path: Assets/MixedRealityToolkit.Generated/CustomProfiles/ISAR_MixedRealitySpeechCommandsProfile.asset
  artifactKey: Guid(eb4030bfb619fb54ba331fe235b9231e) Importer(815301076,1909f56bfc062723c751e8b465ee728b)
Start importing Assets/MixedRealityToolkit.Generated/CustomProfiles/ISAR_MixedRealitySpeechCommandsProfile.asset using Guid(eb4030bfb619fb54ba331fe235b9231e) Importer(815301076,1909f56bfc062723c751e8b465ee728b)  -> (artifact id: '1c8c257643546919277e90c163016d5c') in 0.006821 seconds 
========================================================================
Received Import Request.
  Time since last request: 22.502322 seconds.
  path: Assets/MixedRealityToolkit.Generated/CustomProfiles/ISAR_MixedRealityHandTrackingProfile.asset
  artifactKey: Guid(34c5a303935d2d1499aba47a0af4da49) Importer(815301076,1909f56bfc062723c751e8b465ee728b)
Start importing Assets/MixedRealityToolkit.Generated/CustomProfiles/ISAR_MixedRealityHandTrackingProfile.asset using Guid(34c5a303935d2d1499aba47a0af4da49) Importer(815301076,1909f56bfc062723c751e8b465ee728b)  -> (artifact id: '218f642b93a0562a60c878c5972837b7') in 0.008337 seconds 
========================================================================
Received Prepare
Registering precompiled user dll's ...
Registered in 0.006791 seconds.
Begin MonoManager ReloadAssembly
Native extension for WindowsStandalone target not found
Refreshing native plugins compatible for Editor in 1.57 ms, found 16 plugins.
Preloading 0 native plugins for Editor in 0.00 ms.
Mono: successfully reloaded assembly
- Completed reload, in  2.555 seconds
Domain Reload Profiling:
	ReloadAssembly (2556ms)
		BeginReloadAssembly (145ms)
			ExecutionOrderSort (0ms)
			DisableScriptedObjects (6ms)
			BackupInstance (0ms)
			ReleaseScriptingObjects (0ms)
			CreateAndSetChildDomain (58ms)
		EndReloadAssembly (2343ms)
			LoadAssemblies (127ms)
			RebuildTransferFunctionScriptingTraits (0ms)
			SetupTypeCache (398ms)
			ReleaseScriptCaches (2ms)
			RebuildScriptCaches (65ms)
			SetupLoadedEditorAssemblies (1627ms)
				LogAssemblyErrors (0ms)
				InitializePlatformSupportModulesInManaged (3ms)
				SetLoadedEditorAssemblies (0ms)
				RefreshPlugins (2ms)
				BeforeProcessingInitializeOnLoad (135ms)
				ProcessInitializeOnLoadAttributes (1366ms)
				ProcessInitializeOnLoadMethodAttributes (115ms)
				AfterProcessingInitializeOnLoad (4ms)
				EditorAssembliesLoaded (0ms)
			ExecutionOrderSort2 (0ms)
			AwakeInstancesAfterBackupRestoration (6ms)
Platform modules already initialized, skipping
Refreshing native plugins compatible for Editor in 3.64 ms, found 16 plugins.
Preloading 0 native plugins for Editor in 0.00 ms.
Unloading 4552 Unused Serialized files (Serialized files now loaded: 0)
System memory in use before: 165.8 MB.
System memory in use after: 166.0 MB.

Unloading 85 unused Assets to reduce memory usage. Loaded Objects now: 5021.
Total: 7.500800 ms (FindLiveObjects: 0.378100 ms CreateObjectMapping: 0.201800 ms MarkObjects: 6.849900 ms  DeleteObjects: 0.069500 ms)

AssetImportParameters requested are different than current active one (requested -> active):
  custom:framework-win-MediaFoundation: 216162199b28c13a410421893ffa2e32 -> 
  custom:video-decoder-ogg-theora: a1e56fd34408186e4bbccfd4996cb3dc -> 
  custom:container-muxer-webm: aa71ff27fc2769a1b78a27578f13a17b -> 
  custom:container-demuxer-webm: 4f35f7cbe854078d1ac9338744f61a02 -> 
  custom:container-demuxer-ogg: 62fdf1f143b41e24485cea50d1cbac27 -> 
  custom:video-encoder-webm-vp8: eb34c28f22e8b96e1ab97ce403110664 -> 
  custom:video-decoder-webm-vp8: 9c59270c3fd7afecdb556c50c9e8de78 -> 
  custom:audio-decoder-ogg-vorbis: bf7c407c2cedff20999df2af8eb42d56 -> 
  custom:audio-encoder-webm-vorbis: bf7c407c2cedff20999df2af8eb42d56 -> 
========================================================================
Received Prepare
Registering precompiled user dll's ...
Registered in 0.007187 seconds.
Begin MonoManager ReloadAssembly
Native extension for WindowsStandalone target not found
Refreshing native plugins compatible for Editor in 2.52 ms, found 16 plugins.
Preloading 0 native plugins for Editor in 0.00 ms.
Mono: successfully reloaded assembly
- Completed reload, in  2.723 seconds
Domain Reload Profiling:
	ReloadAssembly (2724ms)
		BeginReloadAssembly (163ms)
			ExecutionOrderSort (0ms)
			DisableScriptedObjects (7ms)
			BackupInstance (0ms)
			ReleaseScriptingObjects (0ms)
			CreateAndSetChildDomain (75ms)
		EndReloadAssembly (2491ms)
			LoadAssemblies (145ms)
			RebuildTransferFunctionScriptingTraits (0ms)
			SetupTypeCache (398ms)
			ReleaseScriptCaches (1ms)
			RebuildScriptCaches (65ms)
			SetupLoadedEditorAssemblies (1743ms)
				LogAssemblyErrors (0ms)
				InitializePlatformSupportModulesInManaged (3ms)
				SetLoadedEditorAssemblies (1ms)
				RefreshPlugins (3ms)
				BeforeProcessingInitializeOnLoad (144ms)
				ProcessInitializeOnLoadAttributes (1472ms)
				ProcessInitializeOnLoadMethodAttributes (117ms)
				AfterProcessingInitializeOnLoad (3ms)
				EditorAssembliesLoaded (0ms)
			ExecutionOrderSort2 (0ms)
			AwakeInstancesAfterBackupRestoration (4ms)
Platform modules already initialized, skipping
Refreshing native plugins compatible for Editor in 2.18 ms, found 16 plugins.
Preloading 0 native plugins for Editor in 0.00 ms.
Unloading 4552 Unused Serialized files (Serialized files now loaded: 0)
System memory in use before: 165.8 MB.
System memory in use after: 166.1 MB.

Unloading 85 unused Assets to reduce memory usage. Loaded Objects now: 5025.
Total: 6.765100 ms (FindLiveObjects: 0.368800 ms CreateObjectMapping: 0.171900 ms MarkObjects: 6.172800 ms  DeleteObjects: 0.049800 ms)

AssetImportParameters requested are different than current active one (requested -> active):
  custom:framework-win-MediaFoundation: 216162199b28c13a410421893ffa2e32 -> 
  custom:video-decoder-ogg-theora: a1e56fd34408186e4bbccfd4996cb3dc -> 
  custom:container-muxer-webm: aa71ff27fc2769a1b78a27578f13a17b -> 
  custom:container-demuxer-webm: 4f35f7cbe854078d1ac9338744f61a02 -> 
  custom:container-demuxer-ogg: 62fdf1f143b41e24485cea50d1cbac27 -> 
  custom:video-encoder-webm-vp8: eb34c28f22e8b96e1ab97ce403110664 -> 
  custom:video-decoder-webm-vp8: 9c59270c3fd7afecdb556c50c9e8de78 -> 
  custom:audio-decoder-ogg-vorbis: bf7c407c2cedff20999df2af8eb42d56 -> 
  custom:audio-encoder-webm-vorbis: bf7c407c2cedff20999df2af8eb42d56 -> 
========================================================================
Received Prepare
Registering precompiled user dll's ...
Registered in 0.005858 seconds.
Begin MonoManager ReloadAssembly
Native extension for WindowsStandalone target not found
Refreshing native plugins compatible for Editor in 1.61 ms, found 16 plugins.
Preloading 0 native plugins for Editor in 0.00 ms.
Mono: successfully reloaded assembly
- Completed reload, in  2.808 seconds
Domain Reload Profiling:
	ReloadAssembly (2809ms)
		BeginReloadAssembly (153ms)
			ExecutionOrderSort (0ms)
			DisableScriptedObjects (7ms)
			BackupInstance (0ms)
			ReleaseScriptingObjects (0ms)
			CreateAndSetChildDomain (58ms)
		EndReloadAssembly (2595ms)
			LoadAssemblies (135ms)
			RebuildTransferFunctionScriptingTraits (0ms)
			SetupTypeCache (365ms)
			ReleaseScriptCaches (1ms)
			RebuildScriptCaches (58ms)
			SetupLoadedEditorAssemblies (1894ms)
				LogAssemblyErrors (0ms)
				InitializePlatformSupportModulesInManaged (6ms)
				SetLoadedEditorAssemblies (1ms)
				RefreshPlugins (2ms)
				BeforeProcessingInitializeOnLoad (149ms)
				ProcessInitializeOnLoadAttributes (1624ms)
				ProcessInitializeOnLoadMethodAttributes (107ms)
				AfterProcessingInitializeOnLoad (4ms)
				EditorAssembliesLoaded (1ms)
			ExecutionOrderSort2 (0ms)
			AwakeInstancesAfterBackupRestoration (6ms)
Platform modules already initialized, skipping
Refreshing native plugins compatible for Editor in 2.14 ms, found 16 plugins.
Preloading 0 native plugins for Editor in 0.00 ms.
Unloading 4552 Unused Serialized files (Serialized files now loaded: 0)
System memory in use before: 165.9 MB.
System memory in use after: 166.2 MB.

Unloading 85 unused Assets to reduce memory usage. Loaded Objects now: 5029.
Total: 12.547900 ms (FindLiveObjects: 0.689900 ms CreateObjectMapping: 0.178700 ms MarkObjects: 11.556100 ms  DeleteObjects: 0.121000 ms)

AssetImportParameters requested are different than current active one (requested -> active):
  custom:framework-win-MediaFoundation: 216162199b28c13a410421893ffa2e32 -> 
  custom:video-decoder-ogg-theora: a1e56fd34408186e4bbccfd4996cb3dc -> 
  custom:container-muxer-webm: aa71ff27fc2769a1b78a27578f13a17b -> 
  custom:container-demuxer-webm: 4f35f7cbe854078d1ac9338744f61a02 -> 
  custom:container-demuxer-ogg: 62fdf1f143b41e24485cea50d1cbac27 -> 
  custom:video-encoder-webm-vp8: eb34c28f22e8b96e1ab97ce403110664 -> 
  custom:video-decoder-webm-vp8: 9c59270c3fd7afecdb556c50c9e8de78 -> 
  custom:audio-decoder-ogg-vorbis: bf7c407c2cedff20999df2af8eb42d56 -> 
  custom:audio-encoder-webm-vorbis: bf7c407c2cedff20999df2af8eb42d56 -> 
========================================================================
Received Import Request.
  Time since last request: 465.506300 seconds.
  path: Assets/MixedRealityToolkit.Generated/ProjectPreferences.asset
  artifactKey: Guid(76d35e56d8db8b24c86e40f7a27aa813) Importer(815301076,1909f56bfc062723c751e8b465ee728b)
Start importing Assets/MixedRealityToolkit.Generated/ProjectPreferences.asset using Guid(76d35e56d8db8b24c86e40f7a27aa813) Importer(815301076,1909f56bfc062723c751e8b465ee728b)  -> (artifact id: 'fe7c4b64597b6bc97ea91a1b9d2797dc') in 0.042291 seconds 
========================================================================
Received Import Request.
  Time since last request: 1.050065 seconds.
  path: Assets/Materials/KinectTexture.mat
  artifactKey: Guid(343645b1379ef9449add17c93f210441) Importer(815301076,1909f56bfc062723c751e8b465ee728b)
Start importing Assets/Materials/KinectTexture.mat using Guid(343645b1379ef9449add17c93f210441) Importer(815301076,1909f56bfc062723c751e8b465ee728b)  -> (artifact id: 'f7502584418f15acf2741bb6a0cfaf2d') in 0.115410 seconds 
========================================================================
Received Import Request.
  Time since last request: 0.000407 seconds.
  path: Assets/Materials/PointCloud.mat
  artifactKey: Guid(b8e5ffb3516970047849713541bfd0f0) Importer(815301076,1909f56bfc062723c751e8b465ee728b)
Start importing Assets/Materials/PointCloud.mat using Guid(b8e5ffb3516970047849713541bfd0f0) Importer(815301076,1909f56bfc062723c751e8b465ee728b)  -> (artifact id: 'ae9a864b7859550888f81b9b01de14e3') in 0.043809 seconds 
========================================================================
Received Import Request.
  Time since last request: 21.817912 seconds.
  path: Assets/XR/XRGeneralSettings.asset
  artifactKey: Guid(eba8e985420d89f41b4d8d534c07b12d) Importer(815301076,1909f56bfc062723c751e8b465ee728b)
Start importing Assets/XR/XRGeneralSettings.asset using Guid(eba8e985420d89f41b4d8d534c07b12d) Importer(815301076,1909f56bfc062723c751e8b465ee728b)  -> (artifact id: 'f7b4c1d423eb9351070483d74149ef5b') in 0.043105 seconds 
AssetImportWorkerClient::OnTransportError - code=2 error=End of file
